TN:
SF:src/shared/constants.ts
FNF:0
FNH:0
DA:1,1
DA:2,1
DA:3,1
DA:4,1
DA:5,1
DA:6,1
DA:7,1
DA:8,1
DA:9,1
DA:10,1
DA:11,1
DA:12,1
DA:13,1
DA:14,1
DA:15,1
DA:16,1
LF:16
LH:16
BRF:0
BRH:0
end_of_record
TN:
SF:src/shared/defaults.ts
FNF:0
FNH:0
DA:1,1
DA:2,1
DA:3,1
DA:4,1
DA:5,1
DA:6,1
DA:7,1
DA:8,1
DA:9,1
DA:10,1
DA:11,1
DA:12,1
DA:13,1
DA:14,1
DA:15,1
DA:16,1
DA:17,1
DA:18,1
DA:19,1
DA:20,1
DA:21,1
DA:22,1
DA:23,1
DA:24,1
LF:24
LH:24
BRF:0
BRH:0
end_of_record
TN:
SF:src/shared/ids.ts
FN:1,makeId
FNF:1
FNH:1
FNDA:9,makeId
DA:1,1
DA:2,9
DA:3,8
DA:4,8
DA:5,1
DA:6,1
LF:6
LH:6
BRDA:1,0,0,9
BRDA:2,1,0,8
BRDA:2,2,0,8
BRDA:4,3,0,1
BRF:4
BRH:4
end_of_record
TN:
SF:src/shared/logger.ts
FN:13,resolveLevel
FN:20,createLogger
FN:26,debug
FN:29,info
FN:32,warn
FN:35,error
FN:38,log
FNF:7
FNH:7
FNDA:11,resolveLevel
FNDA:11,createLogger
FNDA:7,debug
FNDA:10,info
FNDA:5,warn
FNDA:4,error
FNDA:2,log
DA:1,1
DA:2,1
DA:3,1
DA:4,1
DA:5,1
DA:6,1
DA:7,1
DA:8,1
DA:9,1
DA:10,1
DA:11,1
DA:12,1
DA:13,11
DA:14,11
DA:15,3
DA:16,11
DA:17,2
DA:18,2
DA:19,1
DA:20,1
DA:21,11
DA:22,11
DA:23,11
DA:24,11
DA:25,11
DA:26,11
DA:27,7
DA:28,7
DA:29,11
DA:30,10
DA:31,10
DA:32,11
DA:33,5
DA:34,5
DA:35,11
DA:36,4
DA:37,4
DA:38,11
DA:39,2
DA:40,2
DA:41,11
DA:42,11
LF:42
LH:42
BRDA:13,0,0,11
BRDA:14,1,0,8
BRDA:14,2,0,3
BRDA:16,3,0,2
BRDA:16,4,0,1
BRDA:16,5,0,2
BRDA:20,6,0,11
BRDA:26,7,0,7
BRDA:27,8,0,1
BRDA:29,9,0,10
BRDA:30,10,0,6
BRDA:32,11,0,5
BRDA:33,12,0,3
BRDA:35,13,0,4
BRDA:36,14,0,3
BRDA:38,15,0,2
BRDA:39,16,0,1
BRF:17
BRH:17
end_of_record
TN:
SF:src/shared/messages.ts
FNF:0
FNH:0
DA:1,1
DA:2,1
DA:3,1
DA:4,1
DA:5,1
DA:6,1
DA:7,1
DA:8,1
DA:9,1
DA:10,1
DA:11,1
DA:12,1
DA:13,1
DA:14,1
DA:15,1
DA:16,1
DA:17,1
DA:18,1
DA:19,1
DA:20,1
DA:21,1
DA:22,1
DA:23,1
DA:24,1
DA:25,1
DA:26,1
DA:27,1
DA:28,1
DA:29,1
DA:30,1
DA:31,1
DA:32,1
DA:33,1
DA:34,1
DA:35,1
DA:36,1
DA:37,1
DA:38,1
DA:39,1
DA:40,1
DA:41,1
DA:42,1
DA:43,1
DA:44,1
DA:45,1
DA:46,1
DA:47,1
LF:47
LH:47
BRF:0
BRH:0
end_of_record
TN:
SF:src/shared/normalize.ts
FN:5,toStringArray
FN:10,toStringDict
FN:19,toRules
FN:35,clampNumber
FN:40,normalizeSettings
FNF:5
FNH:5
FNDA:64,toStringArray
FNDA:36,toStringDict
FNDA:32,toRules
FNDA:32,clampNumber
FNDA:32,normalizeSettings
DA:1,1
DA:2,1
DA:3,1
DA:4,1
DA:5,64
DA:6,64
DA:7,11
DA:8,11
DA:9,1
DA:10,36
DA:11,36
DA:12,36
DA:13,36
DA:14,12
DA:15,12
DA:16,10
DA:17,10
DA:18,1
DA:19,32
DA:20,32
DA:21,9
DA:22,32
DA:23,10
DA:24,8
DA:25,8
DA:26,6
DA:27,6
DA:28,10
DA:29,10
DA:30,10
DA:31,10
DA:32,9
DA:33,9
DA:34,1
DA:35,32
DA:36,32
DA:37,10
DA:38,10
DA:39,1
DA:40,1
DA:41,32
DA:42,32
DA:43,32
DA:44,32
DA:45,32
DA:46,32
DA:47,32
DA:48,32
DA:49,32
DA:50,32
DA:51,32
DA:52,32
DA:53,32
DA:54,32
DA:55,32
DA:56,32
DA:57,32
DA:58,32
DA:59,32
DA:60,32
DA:61,32
DA:62,32
DA:63,32
DA:64,32
DA:65,32
LF:65
LH:65
BRDA:5,0,0,64
BRDA:6,1,0,53
BRDA:6,2,0,11
BRDA:7,3,0,13
BRDA:10,4,0,36
BRDA:12,5,0,11
BRDA:12,6,0,26
BRDA:12,7,0,10
BRDA:13,8,0,12
BRDA:14,9,0,9
BRDA:15,10,0,10
BRDA:19,11,0,32
BRDA:20,12,0,23
BRDA:20,13,0,9
BRDA:22,14,0,10
BRDA:23,15,0,8
BRDA:23,16,0,2
BRDA:23,17,0,8
BRDA:25,18,0,2
BRDA:25,19,0,6
BRDA:28,20,0,3
BRDA:28,21,0,3
BRDA:29,22,0,1
BRDA:29,23,0,5
BRDA:31,24,0,9
BRDA:35,25,0,32
BRDA:36,26,0,11
BRDA:36,27,0,22
BRDA:36,28,0,10
BRDA:40,29,0,32
BRDA:41,30,0,29
BRDA:43,31,0,29
BRDA:48,32,0,29
BRDA:50,33,0,29
BRDA:52,34,0,29
BRF:35
BRH:35
end_of_record
TN:
SF:src/shared/providers.ts
FN:3,builtinProviderRules
FN:33,expandTemplate
FN:37,headersToObject
FN:61,hasHeader
FNF:4
FNH:4
FNDA:7,builtinProviderRules
FNDA:14,expandTemplate
FNDA:11,headersToObject
FNDA:14,hasHeader
DA:1,1
DA:2,1
DA:3,1
DA:4,7
DA:5,7
DA:6,7
DA:7,7
DA:8,7
DA:9,7
DA:10,7
DA:11,7
DA:12,7
DA:13,7
DA:14,7
DA:15,7
DA:16,7
DA:17,7
DA:18,7
DA:19,7
DA:20,7
DA:21,7
DA:22,7
DA:23,7
DA:24,7
DA:25,7
DA:26,7
DA:27,7
DA:28,7
DA:29,7
DA:30,7
DA:31,7
DA:32,1
DA:33,1
DA:34,14
DA:35,14
DA:36,1
DA:37,1
DA:38,11
DA:39,11
DA:40,11
DA:41,11
DA:42,10
DA:43,11
DA:44,3
DA:45,3
DA:46,3
DA:47,3
DA:48,3
DA:49,7
DA:50,11
DA:51,3
DA:52,3
DA:53,3
DA:54,4
DA:55,11
DA:56,3
DA:57,3
DA:58,4
DA:59,4
DA:60,1
DA:61,1
DA:62,14
DA:63,14
DA:64,14
LF:64
LH:64
BRDA:3,0,0,7
BRDA:33,1,0,14
BRDA:34,2,0,13
BRDA:34,3,0,1
BRDA:37,4,0,11
BRDA:41,5,0,1
BRDA:41,6,0,10
BRDA:43,7,0,3
BRDA:48,8,0,7
BRDA:50,9,0,3
BRDA:53,10,0,4
BRDA:55,11,0,3
BRDA:57,12,0,4
BRDA:44,13,0,3
BRDA:61,14,0,14
BRDA:63,15,0,11
BRF:16
BRH:16
end_of_record
TN:
SF:src/shared/storage.ts
FN:7,sessionStorageOrLocal
FN:12,getSettings
FN:17,setSettings
FN:22,getLogs
FN:28,setLogs
FN:33,appendLog
FN:40,clearLogs
FNF:7
FNH:7
FNDA:13,sessionStorageOrLocal
FNDA:3,getSettings
FNDA:2,setSettings
FNDA:7,getLogs
FNDA:5,setLogs
FNDA:2,appendLog
FNDA:1,clearLogs
DA:1,1
DA:2,1
DA:3,1
DA:4,1
DA:5,1
DA:6,1
DA:7,13
DA:8,13
DA:9,13
DA:10,13
DA:11,1
DA:12,3
DA:13,3
DA:14,3
DA:15,3
DA:16,1
DA:17,2
DA:18,2
DA:19,2
DA:20,2
DA:21,1
DA:22,7
DA:23,7
DA:24,7
DA:25,7
DA:26,7
DA:27,1
DA:28,5
DA:29,5
DA:30,5
DA:31,5
DA:32,1
DA:33,2
DA:34,2
DA:35,2
DA:36,2
DA:37,2
DA:38,2
DA:39,1
DA:40,1
DA:41,1
DA:42,1
DA:43,1
LF:43
LH:43
BRDA:7,0,0,13
BRDA:9,1,0,0
BRDA:12,2,0,3
BRDA:17,3,0,2
BRDA:22,4,0,7
BRDA:25,5,0,2
BRDA:28,6,0,5
BRDA:33,7,0,2
BRDA:40,8,0,1
BRF:9
BRH:8
end_of_record
TN:
SF:src/shared/wildcard.ts
FN:1,wildcardToRegExp
FN:9,matchesAnyPattern
FNF:2
FNH:2
FNDA:41,wildcardToRegExp
FNDA:14,matchesAnyPattern
DA:1,1
DA:2,41
DA:3,41
DA:4,41
DA:5,41
DA:6,41
DA:7,41
DA:8,1
DA:9,1
DA:10,14
DA:11,14
DA:12,14
LF:12
LH:12
BRDA:1,0,0,41
BRDA:9,1,0,14
BRDA:11,2,0,15
BRF:3
BRH:3
end_of_record
